<?xml version="1.0" encoding="UTF-8"?>
<!-- Generated by org.testng.reporters.JUnitReportReporter -->
<testsuite skipped="0" hostname="A2ML29058" name="com.Infrahedge.ExceptionsTabScripts.IPModelVolatility" tests="1" failures="0" timestamp="03 Jun 2019 08:06:36 GMT" time="892.557" errors="0">
  <testcase name="fetch_IP_Model_Vol" time="892.557" classname="com.Infrahedge.ExceptionsTabScripts.IPModelVolatility"/>
</testsuite> <!-- com.Infrahedge.ExceptionsTabScripts.IPModelVolatility -->
