<?xml version="1.0" encoding="UTF-8"?>
<!-- Generated by org.testng.reporters.JUnitReportReporter -->
<testsuite skipped="0" hostname="A2ML29058" name="com.Infrahedge.ExceptionsTabScripts.IPPortfolioVaR" tests="1" failures="0" timestamp="03 Jun 2019 14:38:55 GMT" time="3358.997" errors="0">
  <testcase name="fetch_IP_Portfolio_VaR" time="3358.997" classname="com.Infrahedge.ExceptionsTabScripts.IPPortfolioVaR"/>
</testsuite> <!-- com.Infrahedge.ExceptionsTabScripts.IPPortfolioVaR -->
