<?xml version="1.0" encoding="UTF-8"?>
<!-- Generated by org.testng.reporters.JUnitReportReporter -->
<testsuite skipped="0" hostname="A2ML29058" name="com.Infrahedge.ExceptionsTabScripts.IPSAAVolatility" tests="1" failures="0" timestamp="03 Jun 2019 07:36:52 GMT" time="183.711" errors="0">
  <testcase name="fetch_IP_SAA_Vol" time="183.711" classname="com.Infrahedge.ExceptionsTabScripts.IPSAAVolatility"/>
</testsuite> <!-- com.Infrahedge.ExceptionsTabScripts.IPSAAVolatility -->
