<?xml version="1.0" encoding="UTF-8"?>
<!-- Generated by org.testng.reporters.JUnitReportReporter -->
<testsuite skipped="0" hostname="A2ML29058" name="com.Infrahedge.Scripts.TAA_Assests" tests="1" failures="0" timestamp="21 Jan 2019 08:40:29 GMT" time="388.629" errors="0">
  <testcase name="fecthTAAAssets" time="388.629" classname="com.Infrahedge.Scripts.TAA_Assests"/>
</testsuite> <!-- com.Infrahedge.Scripts.TAA_Assests -->
