<?xml version="1.0" encoding="UTF-8"?>
<!-- Generated by org.testng.reporters.JUnitReportReporter -->
<testsuite skipped="0" hostname="A2ML29058" name="com.Infrahedge.Scripts.Model_Assests_Volatility" tests="1" failures="0" timestamp="28 Jan 2019 12:51:49 GMT" time="449.939" errors="0">
  <testcase name="fecthModelAssets" time="449.939" classname="com.Infrahedge.Scripts.Model_Assests_Volatility"/>
</testsuite> <!-- com.Infrahedge.Scripts.Model_Assests_Volatility -->
