<?xml version="1.0" encoding="UTF-8"?>
<!-- Generated by org.testng.reporters.JUnitReportReporter -->
<testsuite skipped="0" hostname="A2ML29058" name="com.Infrahedge.ExceptionUIScripts.VerifyPortfolioVolatilityUIEntities" tests="11" failures="0" timestamp="10 May 2019 09:29:53 GMT" time="125.047" errors="0">
  <testcase name="testLogin" time="24.888" classname="com.Infrahedge.ExceptionUIScripts.VerifyPortfolioVolatilityUIEntities"/>
  <testcase name="testVolProgress" time="9.333" classname="com.Infrahedge.ExceptionUIScripts.VerifyPortfolioVolatilityUIEntities"/>
  <testcase name="verifyIP1Portfolio" time="5.973" classname="com.Infrahedge.ExceptionUIScripts.VerifyPortfolioVolatilityUIEntities"/>
  <testcase name="verfiyIP2Portfolio" time="10.299" classname="com.Infrahedge.ExceptionUIScripts.VerifyPortfolioVolatilityUIEntities"/>
  <testcase name="verfiyIP3Portfolio" time="10.256" classname="com.Infrahedge.ExceptionUIScripts.VerifyPortfolioVolatilityUIEntities"/>
  <testcase name="verfiyIP4Portfolio" time="10.476" classname="com.Infrahedge.ExceptionUIScripts.VerifyPortfolioVolatilityUIEntities"/>
  <testcase name="verfiyIP5Portfolio" time="10.175" classname="com.Infrahedge.ExceptionUIScripts.VerifyPortfolioVolatilityUIEntities"/>
  <testcase name="verfiyCharitiesPortfolio" time="10.152" classname="com.Infrahedge.ExceptionUIScripts.VerifyPortfolioVolatilityUIEntities"/>
  <testcase name="verfiyDynamicPortfolio" time="10.512" classname="com.Infrahedge.ExceptionUIScripts.VerifyPortfolioVolatilityUIEntities"/>
  <testcase name="verfiyGAFPortfolio" time="10.185" classname="com.Infrahedge.ExceptionUIScripts.VerifyPortfolioVolatilityUIEntities"/>
  <testcase name="verfiyIMPPortfolio" time="12.798" classname="com.Infrahedge.ExceptionUIScripts.VerifyPortfolioVolatilityUIEntities"/>
</testsuite> <!-- com.Infrahedge.ExceptionUIScripts.VerifyPortfolioVolatilityUIEntities -->
