<?xml version="1.0" encoding="UTF-8"?>
<!-- Generated by org.testng.reporters.JUnitReportReporter -->
<testsuite skipped="0" hostname="A2ML29058" name="com.Infrahedge.ExceptionsTabScripts.IPPortfolioTE" tests="1" failures="0" timestamp="28 May 2019 12:59:05 GMT" time="298.974" errors="0">
  <testcase name="fetch_IP_Portfolio_TE" time="298.974" classname="com.Infrahedge.ExceptionsTabScripts.IPPortfolioTE"/>
</testsuite> <!-- com.Infrahedge.ExceptionsTabScripts.IPPortfolioTE -->
