<?xml version="1.0" encoding="UTF-8"?>
<!-- Generated by org.testng.reporters.JUnitReportReporter -->
<testsuite skipped="0" hostname="A2ML29058" name="com.Infrahedge.ExceptionUIScripts.VerifyTAAVolatilityUIEntities" tests="11" failures="0" timestamp="10 May 2019 08:48:59 GMT" time="123.481" errors="0">
  <testcase name="testLogin" time="23.753" classname="com.Infrahedge.ExceptionUIScripts.VerifyTAAVolatilityUIEntities"/>
  <testcase name="testVolProgress" time="11.009" classname="com.Infrahedge.ExceptionUIScripts.VerifyTAAVolatilityUIEntities"/>
  <testcase name="verifyIP1TAA" time="5.694" classname="com.Infrahedge.ExceptionUIScripts.VerifyTAAVolatilityUIEntities"/>
  <testcase name="verfiyIP2TAA" time="10.027" classname="com.Infrahedge.ExceptionUIScripts.VerifyTAAVolatilityUIEntities"/>
  <testcase name="verfiyIP3TAA" time="10.060" classname="com.Infrahedge.ExceptionUIScripts.VerifyTAAVolatilityUIEntities"/>
  <testcase name="verfiyIP4TAA" time="9.988" classname="com.Infrahedge.ExceptionUIScripts.VerifyTAAVolatilityUIEntities"/>
  <testcase name="verfiyIP5TAA" time="10.063" classname="com.Infrahedge.ExceptionUIScripts.VerifyTAAVolatilityUIEntities"/>
  <testcase name="verfiyCharitiesTAA" time="9.975" classname="com.Infrahedge.ExceptionUIScripts.VerifyTAAVolatilityUIEntities"/>
  <testcase name="verfiyDynamicTAA" time="10.181" classname="com.Infrahedge.ExceptionUIScripts.VerifyTAAVolatilityUIEntities"/>
  <testcase name="verfiyGAFTAA" time="10.065" classname="com.Infrahedge.ExceptionUIScripts.VerifyTAAVolatilityUIEntities"/>
  <testcase name="verfiyIMPTAA" time="12.666" classname="com.Infrahedge.ExceptionUIScripts.VerifyTAAVolatilityUIEntities"/>
</testsuite> <!-- com.Infrahedge.ExceptionUIScripts.VerifyTAAVolatilityUIEntities -->
