<?xml version="1.0" encoding="UTF-8"?>
<!-- Generated by org.testng.reporters.JUnitReportReporter -->
<testsuite skipped="0" hostname="A2ML29058" name="com.Infrahedge.ExceptionsTabScripts.IPTAAVolatility" tests="1" failures="0" timestamp="03 Jun 2019 07:48:15 GMT" time="612.496" errors="0">
  <testcase name="fetch_IP_TAA_Vol" time="612.496" classname="com.Infrahedge.ExceptionsTabScripts.IPTAAVolatility"/>
</testsuite> <!-- com.Infrahedge.ExceptionsTabScripts.IPTAAVolatility -->
