<?xml version="1.0" encoding="UTF-8"?>
<!-- Generated by org.testng.reporters.JUnitReportReporter -->
<testsuite skipped="0" hostname="A2ML29058" name="com.Infrahedge.ExceptionsTabScripts.IPMMVolatility" tests="1" failures="0" timestamp="03 Jun 2019 10:37:16 GMT" time="826.163" errors="0">
  <testcase name="fetch_IP_Model_Vol" time="826.163" classname="com.Infrahedge.ExceptionsTabScripts.IPMMVolatility"/>
</testsuite> <!-- com.Infrahedge.ExceptionsTabScripts.IPMMVolatility -->
