<?xml version="1.0" encoding="UTF-8"?>
<!-- Generated by org.testng.reporters.JUnitReportReporter -->
<testsuite skipped="0" hostname="A2ML29058" name="com.Infrahedge.Scripts.SAA_Assests_Volatility" tests="1" failures="0" timestamp="28 Jan 2019 10:16:43 GMT" time="301.953" errors="0">
  <testcase name="fecthSAAAssets" time="301.953" classname="com.Infrahedge.Scripts.SAA_Assests_Volatility"/>
</testsuite> <!-- com.Infrahedge.Scripts.SAA_Assests_Volatility -->
