<?xml version="1.0" encoding="UTF-8"?>
<!-- Generated by org.testng.reporters.JUnitReportReporter -->
<testsuite skipped="0" hostname="A2ML29058" name="com.Infrahedge.ExceptionsTabScripts.IPSAAVaR" tests="1" failures="0" timestamp="03 Jun 2019 10:50:29 GMT" time="658.868" errors="0">
  <testcase name="fetch_IP_SAA_VaR" time="658.868" classname="com.Infrahedge.ExceptionsTabScripts.IPSAAVaR"/>
</testsuite> <!-- com.Infrahedge.ExceptionsTabScripts.IPSAAVaR -->
