<?xml version="1.0" encoding="UTF-8"?>
<!-- Generated by org.testng.reporters.JUnitReportReporter -->
<testsuite skipped="0" hostname="A2ML29058" name="com.Infrahedge.ExceptionUIScripts.VerifyRegulatedFundVolatilityUIEntities" tests="11" failures="0" timestamp="10 May 2019 10:35:36 GMT" time="138.492" errors="0">
  <testcase name="testLogin" time="24.020" classname="com.Infrahedge.ExceptionUIScripts.VerifyRegulatedFundVolatilityUIEntities"/>
  <testcase name="testVolProgress" time="26.085" classname="com.Infrahedge.ExceptionUIScripts.VerifyRegulatedFundVolatilityUIEntities"/>
  <testcase name="verifyIP1RegulatedFund" time="5.705" classname="com.Infrahedge.ExceptionUIScripts.VerifyRegulatedFundVolatilityUIEntities"/>
  <testcase name="verfiyIP2RegulatedFund" time="10.040" classname="com.Infrahedge.ExceptionUIScripts.VerifyRegulatedFundVolatilityUIEntities"/>
  <testcase name="verfiyIP3RegulatedFund" time="10.112" classname="com.Infrahedge.ExceptionUIScripts.VerifyRegulatedFundVolatilityUIEntities"/>
  <testcase name="verfiyIP4RegulatedFund" time="9.988" classname="com.Infrahedge.ExceptionUIScripts.VerifyRegulatedFundVolatilityUIEntities"/>
  <testcase name="verfiyIP5RegulatedFund" time="9.956" classname="com.Infrahedge.ExceptionUIScripts.VerifyRegulatedFundVolatilityUIEntities"/>
  <testcase name="verfiyCharitiesRegulatedFund" time="10.132" classname="com.Infrahedge.ExceptionUIScripts.VerifyRegulatedFundVolatilityUIEntities"/>
  <testcase name="verfiyDynamicRegulatedFund" time="10.105" classname="com.Infrahedge.ExceptionUIScripts.VerifyRegulatedFundVolatilityUIEntities"/>
  <testcase name="verfiyGAFRegulatedFund" time="9.907" classname="com.Infrahedge.ExceptionUIScripts.VerifyRegulatedFundVolatilityUIEntities"/>
  <testcase name="verfiyIMPRegulatedFund" time="12.442" classname="com.Infrahedge.ExceptionUIScripts.VerifyRegulatedFundVolatilityUIEntities"/>
</testsuite> <!-- com.Infrahedge.ExceptionUIScripts.VerifyRegulatedFundVolatilityUIEntities -->
