<?xml version="1.0" encoding="UTF-8"?>
<!-- Generated by org.testng.reporters.JUnitReportReporter -->
<testsuite skipped="0" hostname="A2ML29058" name="com.Infrahedge.Scripts.CharitiesAssestsVaR" tests="1" failures="0" timestamp="30 Jan 2019 07:08:45 GMT" time="113.775" errors="0">
  <testcase name="fecthMMssets" time="113.775" classname="com.Infrahedge.Scripts.CharitiesAssestsVaR"/>
</testsuite> <!-- com.Infrahedge.Scripts.CharitiesAssestsVaR -->
