<?xml version="1.0" encoding="UTF-8"?>
<!-- Generated by org.testng.reporters.JUnitReportReporter -->
<testsuite skipped="0" hostname="A2ML29058" name="com.Infrahedge.Scripts.SAAAssestsVaR" tests="1" failures="0" timestamp="29 Jan 2019 12:45:45 GMT" time="332.569" errors="0">
  <testcase name="fecthMMssets" time="332.569" classname="com.Infrahedge.Scripts.SAAAssestsVaR"/>
</testsuite> <!-- com.Infrahedge.Scripts.SAAAssestsVaR -->
