<?xml version="1.0" encoding="UTF-8"?>
<!-- Generated by org.testng.reporters.JUnitReportReporter -->
<testsuite skipped="0" hostname="A2ML29058" name="com.Infrahedge.ProxyTabScripts.VerifyExposureBUKEntity" tests="18" failures="0" timestamp="07 May 2019 05:50:18 GMT" time="355.457" errors="0">
  <testcase name="testLogin" time="26.545" classname="com.Infrahedge.ProxyTabScripts.VerifyExposureBUKEntity"/>
  <testcase name="testExposureLink" time="16.623" classname="com.Infrahedge.ProxyTabScripts.VerifyExposureBUKEntity"/>
  <testcase name="testAUMElement" time="5.455" classname="com.Infrahedge.ProxyTabScripts.VerifyExposureBUKEntity"/>
  <testcase name="testAccountsElement" time="5.667" classname="com.Infrahedge.ProxyTabScripts.VerifyExposureBUKEntity"/>
  <testcase name="testBUKButton" time="10.805" classname="com.Infrahedge.ProxyTabScripts.VerifyExposureBUKEntity"/>
  <testcase name="testFilterIcon" time="5.415" classname="com.Infrahedge.ProxyTabScripts.VerifyExposureBUKEntity"/>
  <testcase name="testExposureSubTab" time="5.411" classname="com.Infrahedge.ProxyTabScripts.VerifyExposureBUKEntity"/>
  <testcase name="testSearchSubTab" time="5.693" classname="com.Infrahedge.ProxyTabScripts.VerifyExposureBUKEntity"/>
  <testcase name="testLastRunServerDate" time="5.704" classname="com.Infrahedge.ProxyTabScripts.VerifyExposureBUKEntity"/>
  <testcase name="testSearchSubTabAccountOption" time="33.709" classname="com.Infrahedge.ProxyTabScripts.VerifyExposureBUKEntity"/>
  <testcase name="testSearchSubTabSectorOption" time="27.465" classname="com.Infrahedge.ProxyTabScripts.VerifyExposureBUKEntity"/>
  <testcase name="testSearchSubTabCountryOption" time="27.938" classname="com.Infrahedge.ProxyTabScripts.VerifyExposureBUKEntity"/>
  <testcase name="testSearchSubTabCreditRatingOption" time="27.677" classname="com.Infrahedge.ProxyTabScripts.VerifyExposureBUKEntity"/>
  <testcase name="testSearchSubTabRegionOption" time="28.154" classname="com.Infrahedge.ProxyTabScripts.VerifyExposureBUKEntity"/>
  <testcase name="testSearchSubTabISINOption" time="29.734" classname="com.Infrahedge.ProxyTabScripts.VerifyExposureBUKEntity"/>
  <testcase name="testSearchSubTabSEDOLOption" time="29.709" classname="com.Infrahedge.ProxyTabScripts.VerifyExposureBUKEntity"/>
  <testcase name="testSearchSubTabTickerOption" time="30.211" classname="com.Infrahedge.ProxyTabScripts.VerifyExposureBUKEntity"/>
  <testcase name="testSearchSubTabHoldingsOption" time="33.542" classname="com.Infrahedge.ProxyTabScripts.VerifyExposureBUKEntity"/>
</testsuite> <!-- com.Infrahedge.ProxyTabScripts.VerifyExposureBUKEntity -->
