<?xml version="1.0" encoding="UTF-8"?>
<!-- Generated by org.testng.reporters.JUnitReportReporter -->
<testsuite skipped="0" hostname="A2ML29058" name="com.Infrahedge.ExceptionsTabScripts.TAAAssestsVolatility" tests="1" failures="0" timestamp="31 May 2019 10:38:03 GMT" time="264.104" errors="0">
  <testcase name="fecthTAAAssets" time="264.104" classname="com.Infrahedge.ExceptionsTabScripts.TAAAssestsVolatility"/>
</testsuite> <!-- com.Infrahedge.ExceptionsTabScripts.TAAAssestsVolatility -->
