<?xml version="1.0" encoding="UTF-8"?>
<!-- Generated by org.testng.reporters.JUnitReportReporter -->
<testsuite skipped="0" hostname="A2ML29058" name="com.Infrahedge.Scripts.SAAAssestsVolatility" tests="1" failures="0" timestamp="08 Apr 2019 08:41:12 GMT" time="77.685" errors="0">
  <testcase name="fecthSAAAssets" time="77.685" classname="com.Infrahedge.Scripts.SAAAssestsVolatility"/>
</testsuite> <!-- com.Infrahedge.Scripts.SAAAssestsVolatility -->
