<?xml version="1.0" encoding="UTF-8"?>
<!-- Generated by org.testng.reporters.JUnitReportReporter -->
<testsuite skipped="0" hostname="A2ML29058" name="com.Infrahedge.ExceptionsTabScripts.IPMMVaR" tests="1" failures="0" timestamp="03 Jun 2019 13:33:48 GMT" time="685.752" errors="0">
  <testcase name="fetch_IP_Model_Vol" time="685.752" classname="com.Infrahedge.ExceptionsTabScripts.IPMMVaR"/>
</testsuite> <!-- com.Infrahedge.ExceptionsTabScripts.IPMMVaR -->
