<?xml version="1.0" encoding="UTF-8"?>
<!-- Generated by org.testng.reporters.JUnitReportReporter -->
<testsuite skipped="0" hostname="A2ML29058" name="com.Infrahedge.Scripts.CharitiesAssestsTE" tests="1" failures="0" timestamp="30 Jan 2019 06:50:58 GMT" time="211.279" errors="0">
  <testcase name="fecthMMssets" time="211.279" classname="com.Infrahedge.Scripts.CharitiesAssestsTE"/>
</testsuite> <!-- com.Infrahedge.Scripts.CharitiesAssestsTE -->
