<?xml version="1.0" encoding="UTF-8"?>
<!-- Generated by org.testng.reporters.JUnitReportReporter -->
<testsuite skipped="0" hostname="A2ML29058" name="com.Infrahedge.ExceptionUIScripts.VerifyTAAVolatilityAssetsUIEntities" tests="3" failures="0" timestamp="15 May 2019 08:15:31 GMT" time="94.147" errors="0">
  <testcase name="testLogin" time="34.584" classname="com.Infrahedge.ExceptionUIScripts.VerifyTAAVolatilityAssetsUIEntities"/>
  <testcase name="testVolProgress" time="5.793" classname="com.Infrahedge.ExceptionUIScripts.VerifyTAAVolatilityAssetsUIEntities"/>
  <testcase name="verifyIP1TAAAssets" time="53.770" classname="com.Infrahedge.ExceptionUIScripts.VerifyTAAVolatilityAssetsUIEntities"/>
</testsuite> <!-- com.Infrahedge.ExceptionUIScripts.VerifyTAAVolatilityAssetsUIEntities -->
