<?xml version="1.0" encoding="UTF-8"?>
<!-- Generated by org.testng.reporters.JUnitReportReporter -->
<testsuite skipped="0" hostname="A2ML29058" name="com.Infrahedge.ExceptionsTabScripts.SAAAssestsVolatility" tests="1" failures="0" timestamp="31 May 2019 07:45:49 GMT" time="536.811" errors="0">
  <testcase name="fecthSAAAssets" time="536.811" classname="com.Infrahedge.ExceptionsTabScripts.SAAAssestsVolatility"/>
</testsuite> <!-- com.Infrahedge.ExceptionsTabScripts.SAAAssestsVolatility -->
