<?xml version="1.0" encoding="UTF-8"?>
<!-- Generated by org.testng.reporters.JUnitReportReporter -->
<testsuite skipped="0" hostname="A2ML29058" name="com.Infrahedge.ExceptionsTabScripts.ModelAssestsVolatility" tests="1" failures="0" timestamp="31 May 2019 11:20:24 GMT" time="479.437" errors="0">
  <testcase name="fecthModelAssets" time="479.437" classname="com.Infrahedge.ExceptionsTabScripts.ModelAssestsVolatility"/>
</testsuite> <!-- com.Infrahedge.ExceptionsTabScripts.ModelAssestsVolatility -->
