<?xml version="1.0" encoding="UTF-8"?>
<!-- Generated by org.testng.reporters.JUnitReportReporter -->
<testsuite skipped="0" hostname="A2ML29058" name="com.Infrahedge.Scripts.ValidLogin" tests="1" failures="0" timestamp="02 Apr 2019 07:50:41 GMT" time="19.248" errors="0">
  <testcase name="testLogin" time="19.248" classname="com.Infrahedge.Scripts.ValidLogin"/>
</testsuite> <!-- com.Infrahedge.Scripts.ValidLogin -->
