<?xml version="1.0" encoding="UTF-8"?>
<!-- Generated by org.testng.reporters.JUnitReportReporter -->
<testsuite skipped="0" hostname="A2ML29058" name="com.Infrahedge.Scripts.TAAAssestsVaR" tests="1" failures="0" timestamp="29 Jan 2019 12:58:33 GMT" time="119.203" errors="0">
  <testcase name="fecthTAAssets" time="119.203" classname="com.Infrahedge.Scripts.TAAAssestsVaR"/>
</testsuite> <!-- com.Infrahedge.Scripts.TAAAssestsVaR -->
