<?xml version="1.0" encoding="UTF-8"?>
<!-- Generated by org.testng.reporters.JUnitReportReporter -->
<testsuite skipped="0" hostname="A2ML29058" name="com.Infrahedge.Scripts.IPPortfolioLiquidity" tests="1" failures="0" timestamp="09 Apr 2019 06:41:55 GMT" time="148.362" errors="0">
  <testcase name="fetch_IP_Portfolio_Liquidity" time="148.362" classname="com.Infrahedge.Scripts.IPPortfolioLiquidity"/>
</testsuite> <!-- com.Infrahedge.Scripts.IPPortfolioLiquidity -->
