<?xml version="1.0" encoding="UTF-8"?>
<!-- Generated by org.testng.reporters.JUnitReportReporter -->
<testsuite skipped="0" hostname="A2ML29058" name="com.Infrahedge.ExceptionsTabScripts.ValidLogin" tests="1" failures="0" timestamp="05 May 2019 08:35:11 GMT" time="29.290" errors="0">
  <testcase name="testLogin" time="29.290" classname="com.Infrahedge.ExceptionsTabScripts.ValidLogin"/>
</testsuite> <!-- com.Infrahedge.ExceptionsTabScripts.ValidLogin -->
