<?xml version="1.0" encoding="UTF-8"?>
<!-- Generated by org.testng.reporters.JUnitReportReporter -->
<testsuite skipped="0" hostname="A2ML29058" name="com.Infrahedge.Scripts.MMAssestsTE" tests="1" failures="0" timestamp="29 Jan 2019 14:02:34 GMT" time="318.862" errors="0">
  <testcase name="fecthMMssets" time="318.862" classname="com.Infrahedge.Scripts.MMAssestsTE"/>
</testsuite> <!-- com.Infrahedge.Scripts.MMAssestsTE -->
