<?xml version="1.0" encoding="UTF-8"?>
<!-- Generated by org.testng.reporters.JUnitReportReporter -->
<testsuite skipped="0" hostname="A2ML29058" name="com.Infrahedge.Scripts.CharitiesAssestsVolatility" tests="1" failures="0" timestamp="30 Jan 2019 07:00:28 GMT" time="92.857" errors="0">
  <testcase name="fecthMMssets" time="92.857" classname="com.Infrahedge.Scripts.CharitiesAssestsVolatility"/>
</testsuite> <!-- com.Infrahedge.Scripts.CharitiesAssestsVolatility -->
