<?xml version="1.0" encoding="UTF-8"?>
<!-- Generated by org.testng.reporters.JUnitReportReporter -->
<testsuite skipped="0" hostname="A2ML29058" name="com.Infrahedge.RegressionSuit.VerifyBIButton" tests="1" failures="0" timestamp="06 Mar 2019 12:39:28 GMT" time="28.727" errors="0">
  <testcase name="checkBIButton" time="28.727" classname="com.Infrahedge.RegressionSuit.VerifyBIButton"/>
</testsuite> <!-- com.Infrahedge.RegressionSuit.VerifyBIButton -->
