<?xml version="1.0" encoding="UTF-8"?>
<!-- Generated by org.testng.reporters.JUnitReportReporter -->
<testsuite skipped="0" hostname="A2ML29058" name="com.Infrahedge.ExceptionsTabScripts.IPModelLiquidity" tests="1" failures="0" timestamp="28 May 2019 13:53:16 GMT" time="181.194" errors="0">
  <testcase name="fetch_IP_Model_Liquidity" time="181.194" classname="com.Infrahedge.ExceptionsTabScripts.IPModelLiquidity"/>
</testsuite> <!-- com.Infrahedge.ExceptionsTabScripts.IPModelLiquidity -->
