<?xml version="1.0" encoding="UTF-8"?>
<!-- Generated by org.testng.reporters.JUnitReportReporter -->
<testsuite skipped="0" hostname="A2ML29058" name="com.Infrahedge.ExceptionUIScripts.VerifyModelVolatilityUIEntities" tests="11" failures="0" timestamp="10 May 2019 09:11:35 GMT" time="121.757" errors="0">
  <testcase name="testLogin" time="23.825" classname="com.Infrahedge.ExceptionUIScripts.VerifyModelVolatilityUIEntities"/>
  <testcase name="testVolProgress" time="7.846" classname="com.Infrahedge.ExceptionUIScripts.VerifyModelVolatilityUIEntities"/>
  <testcase name="verifyIP1Model" time="5.936" classname="com.Infrahedge.ExceptionUIScripts.VerifyModelVolatilityUIEntities"/>
  <testcase name="verfiyIP2Model" time="10.202" classname="com.Infrahedge.ExceptionUIScripts.VerifyModelVolatilityUIEntities"/>
  <testcase name="verfiyIP3Model" time="10.114" classname="com.Infrahedge.ExceptionUIScripts.VerifyModelVolatilityUIEntities"/>
  <testcase name="verfiyIP4Model" time="10.067" classname="com.Infrahedge.ExceptionUIScripts.VerifyModelVolatilityUIEntities"/>
  <testcase name="verfiyIP5Model" time="10.204" classname="com.Infrahedge.ExceptionUIScripts.VerifyModelVolatilityUIEntities"/>
  <testcase name="verfiyCharitiesModel" time="10.340" classname="com.Infrahedge.ExceptionUIScripts.VerifyModelVolatilityUIEntities"/>
  <testcase name="verfiyDynamicModel" time="10.181" classname="com.Infrahedge.ExceptionUIScripts.VerifyModelVolatilityUIEntities"/>
  <testcase name="verfiyGAFModel" time="10.380" classname="com.Infrahedge.ExceptionUIScripts.VerifyModelVolatilityUIEntities"/>
  <testcase name="verfiyIMPModel" time="12.662" classname="com.Infrahedge.ExceptionUIScripts.VerifyModelVolatilityUIEntities"/>
</testsuite> <!-- com.Infrahedge.ExceptionUIScripts.VerifyModelVolatilityUIEntities -->
