<?xml version="1.0" encoding="UTF-8"?>
<!-- Generated by org.testng.reporters.JUnitReportReporter -->
<testsuite skipped="0" hostname="A2ML29058" name="com.Infrahedge.Scripts.MMAssestsVaR" tests="1" failures="0" timestamp="29 Jan 2019 13:30:57 GMT" time="62.813" errors="0">
  <testcase name="fecthMMssets" time="62.813" classname="com.Infrahedge.Scripts.MMAssestsVaR"/>
</testsuite> <!-- com.Infrahedge.Scripts.MMAssestsVaR -->
