<?xml version="1.0" encoding="UTF-8"?>
<!-- Generated by org.testng.reporters.JUnitReportReporter -->
<testsuite skipped="0" hostname="A2ML29058" name="com.Infrahedge.ExceptionUIScripts.VerifyVolatilityUIEntities" tests="11" failures="0" timestamp="10 May 2019 07:38:51 GMT" time="133.108" errors="0">
  <testcase name="testLogin" time="32.649" classname="com.Infrahedge.ExceptionUIScripts.VerifyVolatilityUIEntities"/>
  <testcase name="testVolProgress" time="7.693" classname="com.Infrahedge.ExceptionUIScripts.VerifyVolatilityUIEntities"/>
  <testcase name="verifyIP1SAA" time="6.007" classname="com.Infrahedge.ExceptionUIScripts.VerifyVolatilityUIEntities"/>
  <testcase name="verfiyIP2SAA" time="10.582" classname="com.Infrahedge.ExceptionUIScripts.VerifyVolatilityUIEntities"/>
  <testcase name="verfiyIP3SAA" time="10.810" classname="com.Infrahedge.ExceptionUIScripts.VerifyVolatilityUIEntities"/>
  <testcase name="verfiyIP4SAA" time="11.246" classname="com.Infrahedge.ExceptionUIScripts.VerifyVolatilityUIEntities"/>
  <testcase name="verfiyIP5SAA" time="10.644" classname="com.Infrahedge.ExceptionUIScripts.VerifyVolatilityUIEntities"/>
  <testcase name="verfiyCharitiesSAA" time="10.863" classname="com.Infrahedge.ExceptionUIScripts.VerifyVolatilityUIEntities"/>
  <testcase name="verfiyDynamicSAA" time="10.613" classname="com.Infrahedge.ExceptionUIScripts.VerifyVolatilityUIEntities"/>
  <testcase name="verfiyGAFSAA" time="10.911" classname="com.Infrahedge.ExceptionUIScripts.VerifyVolatilityUIEntities"/>
  <testcase name="verfiyIMPSAA" time="11.090" classname="com.Infrahedge.ExceptionUIScripts.VerifyVolatilityUIEntities"/>
</testsuite> <!-- com.Infrahedge.ExceptionUIScripts.VerifyVolatilityUIEntities -->
